<?xml version="1.0" encoding="UTF-8"?>
<!-- Generated by org.testng.reporters.JUnitXMLReporter -->
<testsuite ignored="0" hostname="DESKTOP-FM5QVT6" failures="0" tests="4" name="Default test" time="3.777" errors="0" timestamp="2024-11-20T15:18:57 GMT+03:00">
  <testcase classname="MyTestCasesDB" name="AddDataToMYDataBase" time="0.118"/>
  <testcase classname="MyTestCasesDB" name="UpdateData" time="0.023"/>
  <testcase classname="MyTestCasesDB" name="ReadData" time="0.323"/>
  <testcase classname="MyTestCasesDB" name="DeleteData" time="0.032"/>
</testsuite> <!-- Default test -->
