<?xml version="1.0" encoding="UTF-8"?>
<testng-results ignored="0" total="4" passed="4" failed="0" skipped="0">
  <reporter-output>
  </reporter-output>
  <suite started-at="2024-11-20T15:18:53 GMT+03:00" name="Default suite" finished-at="2024-11-20T15:18:56 GMT+03:00" duration-ms="3777">
    <groups>
    </groups>
    <test started-at="2024-11-20T15:18:53 GMT+03:00" name="Default test" finished-at="2024-11-20T15:18:56 GMT+03:00" duration-ms="3777">
      <class name="MyTestCasesDB">
        <test-method is-config="true" signature="MySetUp()[pri:0, instance:MyTestCasesDB@4b2a01d4]" started-at="2024-11-20T15:18:53 GMT+03:00" name="MySetUp" finished-at="2024-11-20T15:18:56 GMT+03:00" duration-ms="2821" status="PASS">
          <reporter-output>
          </reporter-output>
        </test-method> <!-- MySetUp -->
        <test-method signature="AddDataToMYDataBase()[pri:1, instance:MyTestCasesDB@4b2a01d4]" started-at="2024-11-20T15:18:56 GMT+03:00" name="AddDataToMYDataBase" finished-at="2024-11-20T15:18:56 GMT+03:00" duration-ms="118" status="PASS">
          <reporter-output>
          </reporter-output>
        </test-method> <!-- AddDataToMYDataBase -->
        <test-method signature="UpdateData()[pri:2, instance:MyTestCasesDB@4b2a01d4]" started-at="2024-11-20T15:18:56 GMT+03:00" name="UpdateData" finished-at="2024-11-20T15:18:56 GMT+03:00" duration-ms="23" status="PASS">
          <reporter-output>
          </reporter-output>
        </test-method> <!-- UpdateData -->
        <test-method signature="ReadData()[pri:3, instance:MyTestCasesDB@4b2a01d4]" started-at="2024-11-20T15:18:56 GMT+03:00" name="ReadData" finished-at="2024-11-20T15:18:56 GMT+03:00" duration-ms="323" status="PASS">
          <reporter-output>
          </reporter-output>
        </test-method> <!-- ReadData -->
        <test-method signature="DeleteData()[pri:4, instance:MyTestCasesDB@4b2a01d4]" started-at="2024-11-20T15:18:56 GMT+03:00" name="DeleteData" finished-at="2024-11-20T15:18:56 GMT+03:00" duration-ms="32" status="PASS">
          <reporter-output>
          </reporter-output>
        </test-method> <!-- DeleteData -->
      </class> <!-- MyTestCasesDB -->
    </test> <!-- Default test -->
  </suite> <!-- Default suite -->
</testng-results>
